# JRE version: Java(TM) SE Runtime Environment (8.0_121-b13) (build 1.8.0_121-b13)
# Java VM: Java HotSpot(TM) 64-Bit Server VM (25.121-b13 mixed mode windows-amd64 compressed oops)
Heap:
 PSYoungGen      total 199168K, used 85473K [0x000000076af00000, 0x000000077ba00000, 0x00000007c0000000)
  eden space 188416K, 39% used [0x000000076af00000,0x000000076f7fa628,0x0000000776700000)
  from space 10752K, 99% used [0x000000077af00000,0x000000077b97e148,0x000000077b980000)
  to   space 512K, 0% used [0x000000077b980000,0x000000077b980000,0x000000077ba00000)
 ParOldGen       total 153600K, used 45985K [0x00000006c0c00000, 0x00000006ca200000, 0x000000076af00000)
  object space 153600K, 29% used [0x00000006c0c00000,0x00000006c38e85d8,0x00000006ca200000)
 Metaspace       used 24927K, capacity 25588K, committed 25856K, reserved 1073152K
  class space    used 2792K, capacity 2951K, committed 3072K, reserved 1048576K
GC Heap History (10 events):
Event: 1.457 GC heap before
{Heap before GC invocations=2 (full 0):
 PSYoungGen      total 76288K, used 75887K [0x000000076af00000, 0x0000000774400000, 0x00000007c0000000)
  eden space 65536K, 100% used [0x000000076af00000,0x000000076ef00000,0x000000076ef00000)
  from space 10752K, 96% used [0x000000076ef00000,0x000000076f91bea8,0x000000076f980000)
  to   space 10752K, 0% used [0x0000000773980000,0x0000000773980000,0x0000000774400000)
 ParOldGen       total 175104K, used 16K [0x00000006c0c00000, 0x00000006cb700000, 0x000000076af00000)
  object space 175104K, 0% used [0x00000006c0c00000,0x00000006c0c04000,0x00000006cb700000)
 Metaspace       used 15037K, capacity 15358K, committed 15488K, reserved 1062912K
  class space    used 1816K, capacity 1919K, committed 1920K, reserved 1048576K
Event: 1.466 GC heap after
Heap after GC invocations=2 (full 0):
 PSYoungGen      total 141824K, used 9784K [0x000000076af00000, 0x0000000774400000, 0x00000007c0000000)
  eden space 131072K, 0% used [0x000000076af00000,0x000000076af00000,0x0000000772f00000)
  from space 10752K, 91% used [0x0000000773980000,0x000000077430e208,0x0000000774400000)
  to   space 10752K, 0% used [0x0000000772f00000,0x0000000772f00000,0x0000000773980000)
 ParOldGen       total 175104K, used 24K [0x00000006c0c00000, 0x00000006cb700000, 0x000000076af00000)
  object space 175104K, 0% used [0x00000006c0c00000,0x00000006c0c06000,0x00000006cb700000)
 Metaspace       used 15037K, capacity 15358K, committed 15488K, reserved 1062912K
  class space    used 1816K, capacity 1919K, committed 1920K, reserved 1048576K
}
Event: 2.594 GC heap before
{Heap before GC invocations=3 (full 0):
 PSYoungGen      total 141824K, used 114835K [0x000000076af00000, 0x0000000774400000, 0x00000007c0000000)
  eden space 131072K, 80% used [0x000000076af00000,0x0000000771596bf8,0x0000000772f00000)
  from space 10752K, 91% used [0x0000000773980000,0x000000077430e208,0x0000000774400000)
  to   space 10752K, 0% used [0x0000000772f00000,0x0000000772f00000,0x0000000773980000)
 ParOldGen       total 175104K, used 24K [0x00000006c0c00000, 0x00000006cb700000, 0x000000076af00000)
  object space 175104K, 0% used [0x00000006c0c00000,0x00000006c0c06000,0x00000006cb700000)
 Metaspace       used 20713K, capacity 21176K, committed 21296K, reserved 1069056K
  class space    used 2489K, capacity 2624K, committed 2688K, reserved 1048576K
Event: 2.620 GC heap after
Heap after GC invocations=3 (full 0):
 PSYoungGen      total 141824K, used 10743K [0x000000076af00000, 0x000000077c400000, 0x00000007c0000000)
  eden space 131072K, 0% used [0x000000076af00000,0x000000076af00000,0x0000000772f00000)
  from space 10752K, 99% used [0x0000000772f00000,0x000000077397de78,0x0000000773980000)
  to   space 10752K, 0% used [0x000000077b980000,0x000000077b980000,0x000000077c400000)
 ParOldGen       total 175104K, used 13194K [0x00000006c0c00000, 0x00000006cb700000, 0x000000076af00000)
  object space 175104K, 7% used [0x00000006c0c00000,0x00000006c18e2820,0x00000006cb700000)
 Metaspace       used 20713K, capacity 21176K, committed 21296K, reserved 1069056K
  class space    used 2489K, capacity 2624K, committed 2688K, reserved 1048576K
}
Event: 2.620 GC heap before
{Heap before GC invocations=4 (full 1):
 PSYoungGen      total 141824K, used 10743K [0x000000076af00000, 0x000000077c400000, 0x00000007c0000000)
  eden space 131072K, 0% used [0x000000076af00000,0x000000076af00000,0x0000000772f00000)
  from space 10752K, 99% used [0x0000000772f00000,0x000000077397de78,0x0000000773980000)
  to   space 10752K, 0% used [0x000000077b980000,0x000000077b980000,0x000000077c400000)
 ParOldGen       total 175104K, used 13194K [0x00000006c0c00000, 0x00000006cb700000, 0x000000076af00000)
  object space 175104K, 7% used [0x00000006c0c00000,0x00000006c18e2820,0x00000006cb700000)
 Metaspace       used 20713K, capacity 21176K, committed 21296K, reserved 1069056K
  class space    used 2489K, capacity 2624K, committed 2688K, reserved 1048576K
Event: 2.762 GC heap after
Heap after GC invocations=4 (full 1):
 PSYoungGen      total 141824K, used 0K [0x000000076af00000, 0x000000077c400000, 0x00000007c0000000)
  eden space 131072K, 0% used [0x000000076af00000,0x000000076af00000,0x0000000772f00000)
  from space 10752K, 0% used [0x0000000772f00000,0x0000000772f00000,0x0000000773980000)
  to   space 10752K, 0% used [0x000000077b980000,0x000000077b980000,0x000000077c400000)
 ParOldGen       total 153600K, used 23746K [0x00000006c0c00000, 0x00000006ca200000, 0x000000076af00000)
  object space 153600K, 15% used [0x00000006c0c00000,0x00000006c2330858,0x00000006ca200000)
 Metaspace       used 20713K, capacity 21176K, committed 21296K, reserved 1069056K
  class space    used 2489K, capacity 2624K, committed 2688K, reserved 1048576K
}
Event: 4.562 GC heap before
{Heap before GC invocations=5 (full 1):
 PSYoungGen      total 141824K, used 131072K [0x000000076af00000, 0x000000077c400000, 0x00000007c0000000)
  eden space 131072K, 100% used [0x000000076af00000,0x0000000772f00000,0x0000000772f00000)
  from space 10752K, 0% used [0x0000000772f00000,0x0000000772f00000,0x0000000773980000)
  to   space 10752K, 0% used [0x000000077b980000,0x000000077b980000,0x000000077c400000)
 ParOldGen       total 153600K, used 23746K [0x00000006c0c00000, 0x00000006ca200000, 0x000000076af00000)
  object space 153600K, 15% used [0x00000006c0c00000,0x00000006c2330858,0x00000006ca200000)
 Metaspace       used 22961K, capacity 23586K, committed 23936K, reserved 1071104K
  class space    used 2656K, capacity 2821K, committed 2944K, reserved 1048576K
Event: 4.579 GC heap after
Heap after GC invocations=5 (full 1):
 PSYoungGen      total 168960K, used 10743K [0x000000076af00000, 0x000000077c400000, 0x00000007c0000000)
  eden space 158208K, 0% used [0x000000076af00000,0x000000076af00000,0x0000000774980000)
  from space 10752K, 99% used [0x000000077b980000,0x000000077c3fdfe0,0x000000077c400000)
  to   space 10752K, 0% used [0x000000077af00000,0x000000077af00000,0x000000077b980000)
 ParOldGen       total 153600K, used 38335K [0x00000006c0c00000, 0x00000006ca200000, 0x000000076af00000)
  object space 153600K, 24% used [0x00000006c0c00000,0x00000006c316fc80,0x00000006ca200000)
 Metaspace       used 22961K, capacity 23586K, committed 23936K, reserved 1071104K
  class space    used 2656K, capacity 2821K, committed 2944K, reserved 1048576K
}
Event: 5.808 GC heap before
{Heap before GC invocations=6 (full 1):
 PSYoungGen      total 168960K, used 168951K [0x000000076af00000, 0x000000077c400000, 0x00000007c0000000)
  eden space 158208K, 100% used [0x000000076af00000,0x0000000774980000,0x0000000774980000)
  from space 10752K, 99% used [0x000000077b980000,0x000000077c3fdfe0,0x000000077c400000)
  to   space 10752K, 0% used [0x000000077af00000,0x000000077af00000,0x000000077b980000)
 ParOldGen       total 153600K, used 38335K [0x00000006c0c00000, 0x00000006ca200000, 0x000000076af00000)
  object space 153600K, 24% used [0x00000006c0c00000,0x00000006c316fc80,0x00000006ca200000)
 Metaspace       used 23403K, capacity 23970K, committed 24192K, reserved 1071104K
  class space    used 2656K, capacity 2821K, committed 2944K, reserved 1048576K
Event: 5.820 GC heap after
Heap after GC invocations=6 (full 1):
 PSYoungGen      total 199168K, used 10744K [0x000000076af00000, 0x000000077ba00000, 0x00000007c0000000)
  eden space 188416K, 0% used [0x000000076af00000,0x000000076af00000,0x0000000776700000)
  from space 10752K, 99% used [0x000000077af00000,0x000000077b97e148,0x000000077b980000)
  to   space 512K, 0% used [0x000000077b980000,0x000000077b980000,0x000000077ba00000)
 ParOldGen       total 153600K, used 45985K [0x00000006c0c00000, 0x00000006ca200000, 0x000000076af00000)
  object space 153600K, 29% used [0x00000006c0c00000,0x00000006c38e85d8,0x00000006ca200000)
 Metaspace       used 23403K, capacity 23970K, committed 24192K, reserved 1071104K
  class space    used 2656K, capacity 2821K, committed 2944K, reserved 1048576K
}

