# JRE version: Java(TM) SE Runtime Environment (8.0_121-b13) (build 1.8.0_121-b13)
# Java VM: Java HotSpot(TM) 64-Bit Server VM (25.121-b13 mixed mode windows-amd64 compressed oops)
Heap:
 PSYoungGen      total 73216K, used 15363K [0x000000076af00000, 0x0000000770300000, 0x00000007c0000000)
  eden space 62464K, 8% used [0x000000076af00000,0x000000076b401448,0x000000076ec00000)
  from space 10752K, 95% used [0x000000076f880000,0x000000077027fb88,0x0000000770300000)
  to   space 11776K, 0% used [0x000000076ec00000,0x000000076ec00000,0x000000076f780000)
 ParOldGen       total 175104K, used 832K [0x00000006c0c00000, 0x00000006cb700000, 0x000000076af00000)
  object space 175104K, 0% used [0x00000006c0c00000,0x00000006c0cd03c8,0x00000006cb700000)
 Metaspace       used 19604K, capacity 21217K, committed 21296K, reserved 1069056K
  class space    used 2334K, capacity 2626K, committed 2688K, reserved 1048576K
GC Heap History (10 events):
Event: 0.807 GC heap after
Heap after GC invocations=1 (full 0):
 PSYoungGen      total 76288K, used 10725K [0x000000076af00000, 0x0000000770400000, 0x00000007c0000000)
  eden space 65536K, 0% used [0x000000076af00000,0x000000076af00000,0x000000076ef00000)
  from space 10752K, 99% used [0x000000076ef00000,0x000000076f9794c8,0x000000076f980000)
  to   space 10752K, 0% used [0x000000076f980000,0x000000076f980000,0x0000000770400000)
 ParOldGen       total 175104K, used 753K [0x00000006c0c00000, 0x00000006cb700000, 0x000000076af00000)
  object space 175104K, 0% used [0x00000006c0c00000,0x00000006c0cbc528,0x00000006cb700000)
 Metaspace       used 12788K, capacity 12974K, committed 13184K, reserved 1060864K
  class space    used 1569K, capacity 1593K, committed 1664K, reserved 1048576K
}
Event: 2.809 GC heap before
{Heap before GC invocations=2 (full 0):
 PSYoungGen      total 76288K, used 76261K [0x000000076af00000, 0x0000000770400000, 0x00000007c0000000)
  eden space 65536K, 100% used [0x000000076af00000,0x000000076ef00000,0x000000076ef00000)
  from space 10752K, 99% used [0x000000076ef00000,0x000000076f9794c8,0x000000076f980000)
  to   space 10752K, 0% used [0x000000076f980000,0x000000076f980000,0x0000000770400000)
 ParOldGen       total 175104K, used 753K [0x00000006c0c00000, 0x00000006cb700000, 0x000000076af00000)
  object space 175104K, 0% used [0x00000006c0c00000,0x00000006c0cbc528,0x00000006cb700000)
 Metaspace       used 16830K, capacity 17297K, committed 17536K, reserved 1064960K
  class space    used 1969K, capacity 2058K, committed 2176K, reserved 1048576K
Event: 2.815 GC heap after
Heap after GC invocations=2 (full 0):
 PSYoungGen      total 76288K, used 8184K [0x000000076af00000, 0x0000000770400000, 0x00000007c0000000)
  eden space 65536K, 0% used [0x000000076af00000,0x000000076af00000,0x000000076ef00000)
  from space 10752K, 76% used [0x000000076f980000,0x000000077017e128,0x0000000770400000)
  to   space 10752K, 0% used [0x000000076ef00000,0x000000076ef00000,0x000000076f980000)
 ParOldGen       total 175104K, used 792K [0x00000006c0c00000, 0x00000006cb700000, 0x000000076af00000)
  object space 175104K, 0% used [0x00000006c0c00000,0x00000006c0cc63c8,0x00000006cb700000)
 Metaspace       used 16830K, capacity 17297K, committed 17536K, reserved 1064960K
  class space    used 1969K, capacity 2058K, committed 2176K, reserved 1048576K
}
Event: 6.386 GC heap before
{Heap before GC invocations=3 (full 0):
 PSYoungGen      total 76288K, used 73720K [0x000000076af00000, 0x0000000770400000, 0x00000007c0000000)
  eden space 65536K, 100% used [0x000000076af00000,0x000000076ef00000,0x000000076ef00000)
  from space 10752K, 76% used [0x000000076f980000,0x000000077017e128,0x0000000770400000)
  to   space 10752K, 0% used [0x000000076ef00000,0x000000076ef00000,0x000000076f980000)
 ParOldGen       total 175104K, used 792K [0x00000006c0c00000, 0x00000006cb700000, 0x000000076af00000)
  object space 175104K, 0% used [0x00000006c0c00000,0x00000006c0cc63c8,0x00000006cb700000)
 Metaspace       used 17608K, capacity 18311K, committed 18688K, reserved 1064960K
  class space    used 2050K, capacity 2179K, committed 2304K, reserved 1048576K
Event: 6.392 GC heap after
Heap after GC invocations=3 (full 0):
 PSYoungGen      total 76288K, used 7651K [0x000000076af00000, 0x0000000770400000, 0x00000007c0000000)
  eden space 65536K, 0% used [0x000000076af00000,0x000000076af00000,0x000000076ef00000)
  from space 10752K, 71% used [0x000000076ef00000,0x000000076f678ec0,0x000000076f980000)
  to   space 10752K, 0% used [0x000000076f980000,0x000000076f980000,0x0000000770400000)
 ParOldGen       total 175104K, used 808K [0x00000006c0c00000, 0x00000006cb700000, 0x000000076af00000)
  object space 175104K, 0% used [0x00000006c0c00000,0x00000006c0cca3c8,0x00000006cb700000)
 Metaspace       used 17608K, capacity 18311K, committed 18688K, reserved 1064960K
  class space    used 2050K, capacity 2179K, committed 2304K, reserved 1048576K
}
Event: 8.586 GC heap before
{Heap before GC invocations=4 (full 0):
 PSYoungGen      total 76288K, used 73187K [0x000000076af00000, 0x0000000770400000, 0x00000007c0000000)
  eden space 65536K, 100% used [0x000000076af00000,0x000000076ef00000,0x000000076ef00000)
  from space 10752K, 71% used [0x000000076ef00000,0x000000076f678ec0,0x000000076f980000)
  to   space 10752K, 0% used [0x000000076f980000,0x000000076f980000,0x0000000770400000)
 ParOldGen       total 175104K, used 808K [0x00000006c0c00000, 0x00000006cb700000, 0x000000076af00000)
  object space 175104K, 0% used [0x00000006c0c00000,0x00000006c0cca3c8,0x00000006cb700000)
 Metaspace       used 18467K, capacity 19543K, committed 19840K, reserved 1067008K
  class space    used 2179K, capacity 2379K, committed 2432K, reserved 1048576K
Event: 8.593 GC heap after
Heap after GC invocations=4 (full 0):
 PSYoungGen      total 76288K, used 9221K [0x000000076af00000, 0x0000000770400000, 0x00000007c0000000)
  eden space 65536K, 0% used [0x000000076af00000,0x000000076af00000,0x000000076ef00000)
  from space 10752K, 85% used [0x000000076f980000,0x0000000770281478,0x0000000770400000)
  to   space 10752K, 0% used [0x000000076ef00000,0x000000076ef00000,0x000000076f980000)
 ParOldGen       total 175104K, used 816K [0x00000006c0c00000, 0x00000006cb700000, 0x000000076af00000)
  object space 175104K, 0% used [0x00000006c0c00000,0x00000006c0ccc3c8,0x00000006cb700000)
 Metaspace       used 18467K, capacity 19543K, committed 19840K, reserved 1067008K
  class space    used 2179K, capacity 2379K, committed 2432K, reserved 1048576K
}
Event: 10.569 GC heap before
{Heap before GC invocations=5 (full 0):
 PSYoungGen      total 76288K, used 74757K [0x000000076af00000, 0x0000000770400000, 0x00000007c0000000)
  eden space 65536K, 100% used [0x000000076af00000,0x000000076ef00000,0x000000076ef00000)
  from space 10752K, 85% used [0x000000076f980000,0x0000000770281478,0x0000000770400000)
  to   space 10752K, 0% used [0x000000076ef00000,0x000000076ef00000,0x000000076f980000)
 ParOldGen       total 175104K, used 816K [0x00000006c0c00000, 0x00000006cb700000, 0x000000076af00000)
  object space 175104K, 0% used [0x00000006c0c00000,0x00000006c0ccc3c8,0x00000006cb700000)
 Metaspace       used 19060K, capacity 20405K, committed 20480K, reserved 1067008K
  class space    used 2252K, capacity 2512K, committed 2560K, reserved 1048576K
Event: 10.575 GC heap after
Heap after GC invocations=5 (full 0):
 PSYoungGen      total 72704K, used 8402K [0x000000076af00000, 0x0000000770380000, 0x00000007c0000000)
  eden space 64000K, 0% used [0x000000076af00000,0x000000076af00000,0x000000076ed80000)
  from space 8704K, 96% used [0x000000076ef00000,0x000000076f734b10,0x000000076f780000)
  to   space 11264K, 0% used [0x000000076f880000,0x000000076f880000,0x0000000770380000)
 ParOldGen       total 175104K, used 824K [0x00000006c0c00000, 0x00000006cb700000, 0x000000076af00000)
  object space 175104K, 0% used [0x00000006c0c00000,0x00000006c0cce3c8,0x00000006cb700000)
 Metaspace       used 19060K, capacity 20405K, committed 20480K, reserved 1067008K
  class space    used 2252K, capacity 2512K, committed 2560K, reserved 1048576K
}
Event: 13.186 GC heap before
{Heap before GC invocations=6 (full 0):
 PSYoungGen      total 72704K, used 72402K [0x000000076af00000, 0x0000000770380000, 0x00000007c0000000)
  eden space 64000K, 100% used [0x000000076af00000,0x000000076ed80000,0x000000076ed80000)
  from space 8704K, 96% used [0x000000076ef00000,0x000000076f734b10,0x000000076f780000)
  to   space 11264K, 0% used [0x000000076f880000,0x000000076f880000,0x0000000770380000)
 ParOldGen       total 175104K, used 824K [0x00000006c0c00000, 0x00000006cb700000, 0x000000076af00000)
  object space 175104K, 0% used [0x00000006c0c00000,0x00000006c0cce3c8,0x00000006cb700000)
 Metaspace       used 19533K, capacity 21121K, committed 21296K, reserved 1069056K
  class space    used 2324K, capacity 2610K, committed 2688K, reserved 1048576K

