# JRE version: Java(TM) SE Runtime Environment (8.0_121-b13) (build 1.8.0_121-b13)
# Java VM: Java HotSpot(TM) 64-Bit Server VM (25.121-b13 mixed mode windows-amd64 compressed oops)
Heap:
 PSYoungGen      total 205824K, used 170292K [0x000000076af00000, 0x000000077d000000, 0x00000007c0000000)
  eden space 177152K, 79% used [0x000000076af00000,0x0000000773954000,0x0000000775c00000)
  from space 28672K, 99% used [0x0000000775c00000,0x00000007777f9038,0x0000000777800000)
  to   space 33792K, 0% used [0x000000077af00000,0x000000077af00000,0x000000077d000000)
 ParOldGen       total 139264K, used 38286K [0x00000006c0c00000, 0x00000006c9400000, 0x000000076af00000)
  object space 139264K, 27% used [0x00000006c0c00000,0x00000006c3163a90,0x00000006c9400000)
 Metaspace       used 28067K, capacity 28770K, committed 29056K, reserved 1075200K
  class space    used 3178K, capacity 3391K, committed 3456K, reserved 1048576K
GC Heap History (10 events):
Event: 2.524 GC heap before
{Heap before GC invocations=4 (full 0):
 PSYoungGen      total 76288K, used 47694K [0x000000076af00000, 0x0000000774400000, 0x00000007c0000000)
  eden space 65536K, 56% used [0x000000076af00000,0x000000076d317b50,0x000000076ef00000)
  from space 10752K, 99% used [0x000000076ef00000,0x000000076f97c030,0x000000076f980000)
  to   space 10752K, 0% used [0x0000000773980000,0x0000000773980000,0x0000000774400000)
 ParOldGen       total 175104K, used 1385K [0x00000006c0c00000, 0x00000006cb700000, 0x000000076af00000)
  object space 175104K, 0% used [0x00000006c0c00000,0x00000006c0d5a768,0x00000006cb700000)
 Metaspace       used 20673K, capacity 21176K, committed 21296K, reserved 1069056K
  class space    used 2488K, capacity 2624K, committed 2688K, reserved 1048576K
Event: 2.544 GC heap after
Heap after GC invocations=4 (full 0):
 PSYoungGen      total 141824K, used 10737K [0x000000076af00000, 0x0000000774400000, 0x00000007c0000000)
  eden space 131072K, 0% used [0x000000076af00000,0x000000076af00000,0x0000000772f00000)
  from space 10752K, 99% used [0x0000000773980000,0x00000007743fc730,0x0000000774400000)
  to   space 10752K, 0% used [0x0000000772f00000,0x0000000772f00000,0x0000000773980000)
 ParOldGen       total 175104K, used 13124K [0x00000006c0c00000, 0x00000006cb700000, 0x000000076af00000)
  object space 175104K, 7% used [0x00000006c0c00000,0x00000006c18d12a0,0x00000006cb700000)
 Metaspace       used 20673K, capacity 21176K, committed 21296K, reserved 1069056K
  class space    used 2488K, capacity 2624K, committed 2688K, reserved 1048576K
}
Event: 2.544 GC heap before
{Heap before GC invocations=5 (full 1):
 PSYoungGen      total 141824K, used 10737K [0x000000076af00000, 0x0000000774400000, 0x00000007c0000000)
  eden space 131072K, 0% used [0x000000076af00000,0x000000076af00000,0x0000000772f00000)
  from space 10752K, 99% used [0x0000000773980000,0x00000007743fc730,0x0000000774400000)
  to   space 10752K, 0% used [0x0000000772f00000,0x0000000772f00000,0x0000000773980000)
 ParOldGen       total 175104K, used 13124K [0x00000006c0c00000, 0x00000006cb700000, 0x000000076af00000)
  object space 175104K, 7% used [0x00000006c0c00000,0x00000006c18d12a0,0x00000006cb700000)
 Metaspace       used 20673K, capacity 21176K, committed 21296K, reserved 1069056K
  class space    used 2488K, capacity 2624K, committed 2688K, reserved 1048576K
Event: 2.625 GC heap after
Heap after GC invocations=5 (full 1):
 PSYoungGen      total 141824K, used 0K [0x000000076af00000, 0x0000000774400000, 0x00000007c0000000)
  eden space 131072K, 0% used [0x000000076af00000,0x000000076af00000,0x0000000772f00000)
  from space 10752K, 0% used [0x0000000773980000,0x0000000773980000,0x0000000774400000)
  to   space 10752K, 0% used [0x0000000772f00000,0x0000000772f00000,0x0000000773980000)
 ParOldGen       total 139264K, used 22358K [0x00000006c0c00000, 0x00000006c9400000, 0x000000076af00000)
  object space 139264K, 16% used [0x00000006c0c00000,0x00000006c21d58f0,0x00000006c9400000)
 Metaspace       used 20673K, capacity 21176K, committed 21296K, reserved 1069056K
  class space    used 2488K, capacity 2624K, committed 2688K, reserved 1048576K
}
Event: 4.265 GC heap before
{Heap before GC invocations=6 (full 1):
 PSYoungGen      total 141824K, used 131072K [0x000000076af00000, 0x0000000774400000, 0x00000007c0000000)
  eden space 131072K, 100% used [0x000000076af00000,0x0000000772f00000,0x0000000772f00000)
  from space 10752K, 0% used [0x0000000773980000,0x0000000773980000,0x0000000774400000)
  to   space 10752K, 0% used [0x0000000772f00000,0x0000000772f00000,0x0000000773980000)
 ParOldGen       total 139264K, used 22358K [0x00000006c0c00000, 0x00000006c9400000, 0x000000076af00000)
  object space 139264K, 16% used [0x00000006c0c00000,0x00000006c21d58f0,0x00000006c9400000)
 Metaspace       used 22975K, capacity 23586K, committed 23936K, reserved 1071104K
  class space    used 2659K, capacity 2821K, committed 2944K, reserved 1048576K
Event: 4.282 GC heap after
Heap after GC invocations=6 (full 1):
 PSYoungGen      total 141824K, used 10739K [0x000000076af00000, 0x0000000779380000, 0x00000007c0000000)
  eden space 131072K, 0% used [0x000000076af00000,0x000000076af00000,0x0000000772f00000)
  from space 10752K, 99% used [0x0000000772f00000,0x000000077397ceb8,0x0000000773980000)
  to   space 28160K, 0% used [0x0000000777800000,0x0000000777800000,0x0000000779380000)
 ParOldGen       total 139264K, used 36790K [0x00000006c0c00000, 0x00000006c9400000, 0x000000076af00000)
  object space 139264K, 26% used [0x00000006c0c00000,0x00000006c2fed840,0x00000006c9400000)
 Metaspace       used 22975K, capacity 23586K, committed 23936K, reserved 1071104K
  class space    used 2659K, capacity 2821K, committed 2944K, reserved 1048576K
}
Event: 5.226 GC heap before
{Heap before GC invocations=7 (full 1):
 PSYoungGen      total 141824K, used 141811K [0x000000076af00000, 0x0000000779380000, 0x00000007c0000000)
  eden space 131072K, 100% used [0x000000076af00000,0x0000000772f00000,0x0000000772f00000)
  from space 10752K, 99% used [0x0000000772f00000,0x000000077397ceb8,0x0000000773980000)
  to   space 28160K, 0% used [0x0000000777800000,0x0000000777800000,0x0000000779380000)
 ParOldGen       total 139264K, used 36790K [0x00000006c0c00000, 0x00000006c9400000, 0x000000076af00000)
  object space 139264K, 26% used [0x00000006c0c00000,0x00000006c2fed840,0x00000006c9400000)
 Metaspace       used 23363K, capacity 23970K, committed 24192K, reserved 1071104K
  class space    used 2659K, capacity 2821K, committed 2944K, reserved 1048576K
Event: 5.241 GC heap after
Heap after GC invocations=7 (full 1):
 PSYoungGen      total 205312K, used 20609K [0x000000076af00000, 0x0000000779400000, 0x00000007c0000000)
  eden space 177152K, 0% used [0x000000076af00000,0x000000076af00000,0x0000000775c00000)
  from space 28160K, 73% used [0x0000000777800000,0x0000000778c20750,0x0000000779380000)
  to   space 28672K, 0% used [0x0000000775c00000,0x0000000775c00000,0x0000000777800000)
 ParOldGen       total 139264K, used 36798K [0x00000006c0c00000, 0x00000006c9400000, 0x000000076af00000)
  object space 139264K, 26% used [0x00000006c0c00000,0x00000006c2fef840,0x00000006c9400000)
 Metaspace       used 23363K, capacity 23970K, committed 24192K, reserved 1071104K
  class space    used 2659K, capacity 2821K, committed 2944K, reserved 1048576K
}
Event: 54.391 GC heap before
{Heap before GC invocations=8 (full 1):
 PSYoungGen      total 205312K, used 197761K [0x000000076af00000, 0x0000000779400000, 0x00000007c0000000)
  eden space 177152K, 100% used [0x000000076af00000,0x0000000775c00000,0x0000000775c00000)
  from space 28160K, 73% used [0x0000000777800000,0x0000000778c20750,0x0000000779380000)
  to   space 28672K, 0% used [0x0000000775c00000,0x0000000775c00000,0x0000000777800000)
 ParOldGen       total 139264K, used 36798K [0x00000006c0c00000, 0x00000006c9400000, 0x000000076af00000)
  object space 139264K, 26% used [0x00000006c0c00000,0x00000006c2fef840,0x00000006c9400000)
 Metaspace       used 27331K, capacity 28048K, committed 28160K, reserved 1075200K
  class space    used 3115K, capacity 3324K, committed 3328K, reserved 1048576K
Event: 54.409 GC heap after
Heap after GC invocations=8 (full 1):
 PSYoungGen      total 205824K, used 28644K [0x000000076af00000, 0x000000077d000000, 0x00000007c0000000)
  eden space 177152K, 0% used [0x000000076af00000,0x000000076af00000,0x0000000775c00000)
  from space 28672K, 99% used [0x0000000775c00000,0x00000007777f9038,0x0000000777800000)
  to   space 33792K, 0% used [0x000000077af00000,0x000000077af00000,0x000000077d000000)
 ParOldGen       total 139264K, used 38286K [0x00000006c0c00000, 0x00000006c9400000, 0x000000076af00000)
  object space 139264K, 27% used [0x00000006c0c00000,0x00000006c3163a90,0x00000006c9400000)
 Metaspace       used 27331K, capacity 28048K, committed 28160K, reserved 1075200K
  class space    used 3115K, capacity 3324K, committed 3328K, reserved 1048576K
}

